c:\users\дмитрий\desktop\console\console\debug\vc120.pdb
c:\users\дмитрий\desktop\console\console\debug\vc120.idb
c:\users\дмитрий\desktop\console\console\debug\source.obj
c:\users\дмитрий\desktop\console\debug\console.pdb
c:\users\дмитрий\desktop\console\console\debug\console.tlog\cl.command.1.tlog
c:\users\дмитрий\desktop\console\console\debug\console.tlog\cl.read.1.tlog
c:\users\дмитрий\desktop\console\console\debug\console.tlog\cl.write.1.tlog
c:\users\дмитрий\desktop\console\console\debug\console.tlog\link-cvtres.read.1.tlog
c:\users\дмитрий\desktop\console\console\debug\console.tlog\link-cvtres.write.1.tlog
c:\users\дмитрий\desktop\console\console\debug\console.tlog\link-rc.read.1.tlog
c:\users\дмитрий\desktop\console\console\debug\console.tlog\link-rc.write.1.tlog
c:\users\дмитрий\desktop\console\console\debug\console.tlog\link.6804-cvtres.read.1.tlog
c:\users\дмитрий\desktop\console\console\debug\console.tlog\link.6804-cvtres.write.1.tlog
c:\users\дмитрий\desktop\console\console\debug\console.tlog\link.6804-rc.read.1.tlog
c:\users\дмитрий\desktop\console\console\debug\console.tlog\link.6804-rc.write.1.tlog
c:\users\дмитрий\desktop\console\console\debug\console.tlog\link.6804.read.1.tlog
c:\users\дмитрий\desktop\console\console\debug\console.tlog\link.6804.write.1.tlog
c:\users\дмитрий\desktop\console\console\debug\console.tlog\link.command.1.tlog
c:\users\дмитрий\desktop\console\console\debug\console.tlog\link.read.1.tlog
c:\users\дмитрий\desktop\console\console\debug\console.tlog\link.write.1.tlog
