  Source.cpp
Source.cpp(115): warning C4018: '<' : signed/unsigned mismatch
Source.cpp(174): warning C4101: 'point' : unreferenced local variable
Source.cpp(287): warning C4018: '<' : signed/unsigned mismatch
Source.cpp(291): warning C4018: '<' : signed/unsigned mismatch
Source.cpp(346): warning C4018: '<' : signed/unsigned mismatch
Source.cpp(352): warning C4018: '<' : signed/unsigned mismatch
Source.cpp(355): warning C4018: '<' : signed/unsigned mismatch
Source.cpp(375): warning C4018: '<' : signed/unsigned mismatch
Source.cpp(405): warning C4018: '<' : signed/unsigned mismatch
Source.cpp(411): warning C4018: '<' : signed/unsigned mismatch
Source.cpp(449): warning C4258: 'i' : definition from the for loop is ignored; the definition from the enclosing scope is used
          Source.cpp(438) : definition of 'i' ignored
          Source.cpp(401) : definition of 'i' used
Source.cpp(467): warning C4018: '<' : signed/unsigned mismatch
Source.cpp(469): warning C4129: '.' : unrecognized character escape sequence
Source.cpp(509): warning C4018: '<' : signed/unsigned mismatch
Source.cpp(529): warning C4129: '.' : unrecognized character escape sequence
Source.cpp(613): warning C4018: '<' : signed/unsigned mismatch
Source.cpp(625): warning C4129: '.' : unrecognized character escape sequence
Source.cpp(626): warning C4129: '.' : unrecognized character escape sequence
Source.cpp(663): warning C4018: '<' : signed/unsigned mismatch
Source.cpp(665): warning C4018: '<' : signed/unsigned mismatch
Source.cpp(698): warning C4018: '<' : signed/unsigned mismatch
Source.cpp(702): warning C4018: '<' : signed/unsigned mismatch
Source.cpp(742): warning C4018: '<' : signed/unsigned mismatch
Source.cpp(751): warning C4018: '<' : signed/unsigned mismatch
Source.cpp(762): warning C4018: '<' : signed/unsigned mismatch
Source.cpp(770): warning C4129: '.' : unrecognized character escape sequence
Source.cpp(773): warning C4129: '.' : unrecognized character escape sequence
Source.cpp(776): warning C4018: '<' : signed/unsigned mismatch
Source.cpp(1010): warning C4018: '<' : signed/unsigned mismatch
Source.cpp(1020): warning C4018: '<' : signed/unsigned mismatch
Source.cpp(1037): warning C4018: '<' : signed/unsigned mismatch
Source.cpp(1039): warning C4018: '<' : signed/unsigned mismatch
Source.cpp(1097): warning C4018: '<' : signed/unsigned mismatch
Source.cpp(1099): warning C4018: '<' : signed/unsigned mismatch
Source.cpp(1061): warning C4101: 'category' : unreferenced local variable
Source.cpp(1147): warning C4018: '<' : signed/unsigned mismatch
Source.cpp(1151): warning C4018: '<' : signed/unsigned mismatch
Source.cpp(1228): warning C4018: '<' : signed/unsigned mismatch
  Generating code
  Finished generating code
  Console.vcxproj -> C:\Users\Дмитрий\Desktop\Console\Release\Console.exe
